[2022-05-16 17:21:01] This is codeql execute queries -J-Xmx1024M --off-heap-ram=0 --verbosity=progress --logdir=/home/intel/codeql-home/codeql-analysis/codeql_database/log --evaluator-log-level=5 --insecurely-execute-ml-model-checksums= --warnings=show --qlconfig-file=/home/intel/codeql-home/codeql-analysis/qlconfig.yml --no-rerun --output=/home/intel/codeql-home/codeql-analysis/codeql_database/results -- /home/intel/codeql-home/codeql-analysis/codeql_database/db-go AlertSuppression.ql
[2022-05-16 17:21:01] Calling plumbing command: codeql resolve queries --format=json -- AlertSuppression.ql
[2022-05-16 17:21:01] Plumbing command codeql resolve queries completed:
                      [
                        "/home/intel/codeql-home/codeql-analysis/AlertSuppression.ql"
                      ]
[2022-05-16 17:21:01] Creating executor with 1 threads.
[2022-05-16 17:21:01] Calling plumbing command: codeql resolve library-path --qlconfig-file=/home/intel/codeql-home/codeql-analysis/qlconfig.yml --query=/home/intel/codeql-home/codeql-analysis/AlertSuppression.ql --format=json
[2022-05-16 17:21:01] [DETAILS] resolve library-path> Resolving query at normalized path /home/intel/codeql-home/codeql-analysis/AlertSuppression.ql.
[2022-05-16 17:21:01] [DETAILS] resolve library-path> Found no pack; trying after symlink resolution with /home/intel/codeql-home/codeql-analysis/AlertSuppression.ql.
[2022-05-16 17:21:01] [DETAILS] resolve library-path> Found enclosing pack 'codeql-analysis' at /home/intel/codeql-home/codeql-analysis.
[2022-05-16 17:21:01] [DETAILS] resolve library-path> Adding compilation cache at /home/intel/codeql-home/codeql-analysis/.cache.
[2022-05-16 17:21:01] [DETAILS] resolve library-path> Resolving library dependencies from /home/intel/codeql-home/codeql-analysis/AlertSuppression.ql.
[2022-05-16 17:21:01] [DETAILS] resolve library-path> QL pack dependencies for /home/intel/codeql-home/codeql-analysis resolved OK.
[2022-05-16 17:21:01] [DETAILS] resolve library-path> Found no dbscheme through dependencies.
[2022-05-16 17:21:01] Plumbing command codeql resolve library-path completed:
                      {
                        "libraryPath" : [
                          "/home/intel/codeql-home/codeql-analysis"
                        ],
                        "compilationCache" : [
                          "/home/intel/codeql-home/codeql-analysis/.cache"
                        ],
                        "relativeName" : "codeql-analysis/AlertSuppression.ql",
                        "possibleAdvice" : "There should probably be a qlpack.yml file declaring dependencies in /home/intel/codeql-home/codeql-analysis or an enclosing directory.",
                        "qlPackName" : "codeql-analysis"
                      }
[2022-05-16 17:21:01] Calling plumbing command: codeql resolve ml-models --search-path=/home/intel/codeql-home/codeql-analysis --insecurely-execute-ml-model-checksums=
[2022-05-16 17:21:01] [DETAILS] resolve ml-models> Scanning for [codeql-pack.yml, qlpack.yml] from /home/intel/codeql-home/codeql-analysis/
[2022-05-16 17:21:01] [DETAILS] resolve ml-models> Scanning for [codeql-pack.yml, qlpack.yml] from /home/intel/codeql-home/codeql/.codeqlmanifest.json
[2022-05-16 17:21:01] [DETAILS] resolve ml-models> Scanning for [codeql-pack.yml, qlpack.yml] from /home/intel/codeql-home/
[2022-05-16 17:21:01] [DETAILS] resolve ml-models> Scanning for [codeql-pack.yml, qlpack.yml] from /home/intel/codeql-home/codeql-repo/.codeqlmanifest.json
[2022-05-16 17:21:01] [DETAILS] resolve ml-models> Not scanning from /home/intel/codeql-home/codeql which is already done.
[2022-05-16 17:21:01] [DETAILS] resolve ml-models> Scanning for [codeql-pack.yml, qlpack.yml] from /home/intel/codeql-home/codeql-go/.codeqlmanifest.json
[2022-05-16 17:21:01] Plumbing command codeql resolve ml-models completed:
                      {
                        "models" : [ ]
                      }
[2022-05-16 17:21:01] [PROGRESS] execute queries> Compiling query plan for /home/intel/codeql-home/codeql-analysis/AlertSuppression.ql.
[2022-05-16 17:21:01] [DETAILS] execute queries> Resolving imports for /home/intel/codeql-home/codeql-analysis/AlertSuppression.ql.
[2022-05-16 17:21:01] Resolved file set for /home/intel/codeql-home/codeql-analysis/AlertSuppression.ql hashes to c05e06041f9fcf43bf9ee7e61ee07cd9cd703f81.
[2022-05-16 17:21:01] [DETAILS] execute queries> Checking QL for /home/intel/codeql-home/codeql-analysis/AlertSuppression.ql.
[2022-05-16 17:21:02] ExternalModuleBindingPass ...
[2022-05-16 17:21:02] ExternalModuleBindingPass time: 00:00.002
[2022-05-16 17:21:02] QLPredicateSynthesiser ...
[2022-05-16 17:21:02] QLPredicateSynthesiser time: 00:00.003
[2022-05-16 17:21:02] DeclarationBindingPass ...
[2022-05-16 17:21:02] DeclarationBindingPass time: 00:00.010
[2022-05-16 17:21:02] Fixed point time ...
[2022-05-16 17:21:02] Fixed point time time: 00:00.014
[2022-05-16 17:21:02] ReferenceBindingPass ...
[2022-05-16 17:21:02] ReferenceBindingPass time: 00:00.000
[2022-05-16 17:21:02] ReferenceBindingCheck ...
[2022-05-16 17:21:02] ReferenceBindingCheck time: 00:00.002
[2022-05-16 17:21:02] PredicateBodyBindingPass ...
[2022-05-16 17:21:02] PredicateBodyBindingPass time: 00:00.021
[2022-05-16 17:21:02] LanguagePragmaPropagationPass ...
[2022-05-16 17:21:02] LanguagePragmaPropagationPass time: 00:00.000
[2022-05-16 17:21:02] Ambiguity checks ...
[2022-05-16 17:21:02] Ambiguity checks time: 00:00.003
[2022-05-16 17:21:02] Ql checks ...
[2022-05-16 17:21:02] Ql checks time: 00:00.014
[2022-05-16 17:21:02] [ERROR] execute queries> ERROR: Could not resolve module go. There should probably be a qlpack.yml file declaring dependencies in /home/intel/codeql-home/codeql-analysis or an enclosing directory. (/home/intel/codeql-home/codeql-analysis/AlertSuppression.ql:8,8-10)
[2022-05-16 17:21:02] [ERROR] execute queries> ERROR: Could not resolve type Locatable (/home/intel/codeql-home/codeql-analysis/AlertSuppression.ql:13,34-43)
[2022-05-16 17:21:02] [ERROR] execute queries> ERROR: Could not resolve type Comment (/home/intel/codeql-home/codeql-analysis/AlertSuppression.ql:18,18-25)
[2022-05-16 17:21:02] [ERROR] execute queries> ERROR: getLocation() cannot be resolved for type SuppressionComment (/home/intel/codeql-home/codeql-analysis/AlertSuppression.ql:41,10-21)
[2022-05-16 17:21:02] [ERROR] execute queries> ERROR: SuppressionComment must implement toString() (/home/intel/codeql-home/codeql-analysis/AlertSuppression.ql:13,7-25)
[2022-05-16 17:21:02] Sequence stamp origin is -6455585548448342905
[2022-05-16 17:21:02] Pausing evaluation to close the cache at sequence stamp o+0
[2022-05-16 17:21:02] The disk cache is freshly trimmed; leave it be.
[2022-05-16 17:21:02] Unpausing evaluation
[2022-05-16 17:21:02] Exiting with code 2
